\BOOKMARK [1][-]{section.1}{Einf\374hrung und Motivation}{}% 1
\BOOKMARK [2][-]{subsection.1.1}{Problem}{section.1}% 2
\BOOKMARK [2][-]{subsection.1.2}{Problemstellung}{section.1}% 3
\BOOKMARK [1][-]{section.2}{Staukontrolle in Netzwerken}{}% 4
\BOOKMARK [2][-]{subsection.2.1}{Vorschl\344ge zur Staukontrolle}{section.2}% 5
\BOOKMARK [2][-]{subsection.2.2}{congestion collapse}{section.2}% 6
\BOOKMARK [2][-]{subsection.2.3}{Warum ist das Problem so schwer zu identifizieren}{section.2}% 7
\BOOKMARK [2][-]{subsection.2.4}{Mechanismen zur Staukontrolle in ATM Netzwerken}{section.2}% 8
\BOOKMARK [2][-]{subsection.2.5}{Standard TCP Verhalten bei Staus}{section.2}% 9
\BOOKMARK [2][-]{subsection.2.6}{Explicit Congestion Notification}{section.2}% 10
\BOOKMARK [1][-]{section.3}{Definition und Anwendung von Active Queue Management}{}% 11
\BOOKMARK [2][-]{subsection.3.1}{Effizientes Active Queue Management in Internet Routern}{section.3}% 12
\BOOKMARK [2][-]{subsection.3.2}{Router Mechanismen zur Staukontrolle}{section.3}% 13
\BOOKMARK [2][-]{subsection.3.3}{Dimensionierung von Router Puffern}{section.3}% 14
\BOOKMARK [2][-]{subsection.3.4}{Stochastische Modellierung und die Theorie von Queues}{section.3}% 15
\BOOKMARK [2][-]{subsection.3.5}{Analyse und Simulation eines gleichbehandelnden Queue Algorithmus}{section.3}% 16
\BOOKMARK [1][-]{section.4}{Active Queue Management Algorithmen}{}% 17
\BOOKMARK [2][-]{subsection.4.1}{Passive Techniques}{section.4}% 18
\BOOKMARK [3][-]{subsubsection.4.1.1}{CHOKe}{subsection.4.1}% 19
\BOOKMARK [3][-]{subsubsection.4.1.2}{ECN}{subsection.4.1}% 20
\BOOKMARK [2][-]{subsection.4.2}{Random Early Detection}{section.4}% 21
\BOOKMARK [2][-]{subsection.4.3}{Alternativen zu RED}{section.4}% 22
\BOOKMARK [3][-]{subsubsection.4.3.1}{PI Controller}{subsection.4.3}% 23
\BOOKMARK [3][-]{subsubsection.4.3.2}{Vergleich RED, ARED, PI}{subsection.4.3}% 24
\BOOKMARK [3][-]{subsubsection.4.3.3}{REM}{subsection.4.3}% 25
\BOOKMARK [3][-]{subsubsection.4.3.4}{Adaptive Virutal Queue + Vergleich zu RED, REM, PI}{subsection.4.3}% 26
\BOOKMARK [3][-]{subsubsection.4.3.5}{BLUE}{subsection.4.3}% 27
\BOOKMARK [3][-]{subsubsection.4.3.6}{Vergleich RED, BLUE, ARED, PI, ECN, REM}{subsection.4.3}% 28
\BOOKMARK [1][-]{section.5}{Ausblick und zuk\374nftige Arbeiten}{}% 29
\BOOKMARK [1][-]{section*.1}{References}{}% 30
