This is pdfTeX, Version 3.1415926-2.3-1.40.12 (MiKTeX 2.9) (preloaded format=pdflatex 2011.8.14)  5 MAY 2014 22:59
entering extended mode
**Paper.tex
("D:\Eigene Dateien\Seminar 2014\seminar_ss_14\Latex\Gliederung\Paper.tex"
LaTeX2e <2011/06/27>
Babel <v3.8m> and hyphenation patterns for english, afrikaans, ancientgreek, ar
abic, armenian, assamese, basque, bengali, bokmal, bulgarian, catalan, coptic, 
croatian, czech, danish, dutch, esperanto, estonian, farsi, finnish, french, ga
lician, german, german-x-2009-06-19, greek, gujarati, hindi, hungarian, iceland
ic, indonesian, interlingua, irish, italian, kannada, kurmanji, lao, latin, lat
vian, lithuanian, malayalam, marathi, mongolian, mongolianlmc, monogreek, ngerm
an, ngerman-x-2009-06-19, nynorsk, oriya, panjabi, pinyin, polish, portuguese, 
romanian, russian, sanskrit, serbian, slovak, slovenian, spanish, swedish, swis
sgerman, tamil, telugu, turkish, turkmen, ukenglish, ukrainian, uppersorbian, u
senglishmax, welsh, loaded.
("C:\Program Files\MiKTeX 2.9\tex\latex\ieeetran\IEEEtran.cls"
Document Class: IEEEtran 2012/12/27 V1.8 by Michael Shell
-- See the "IEEEtran_HOWTO" manual for usage information.
-- http://www.michaelshell.org/tex/ieeetran/
\@IEEEtrantmpdimenA=\dimen102
\@IEEEtrantmpdimenB=\dimen103
\@IEEEtrantmpcountA=\count79
\@IEEEtrantmpcountB=\count80
\@IEEEtrantmptoksA=\toks14
LaTeX Font Info:    Try loading font information for OT1+ptm on input line 368.

("C:\Program Files\MiKTeX 2.9\tex\latex\psnfss\ot1ptm.fd"
File: ot1ptm.fd 2001/06/04 font definitions for OT1/ptm.
)
-- Using 8.5in x 11in (letter) paper.
-- Using PDF output.
\@IEEEnormalsizeunitybaselineskip=\dimen104
-- This is a 10 point document.
\CLASSINFOnormalsizebaselineskip=\dimen105
\CLASSINFOnormalsizeunitybaselineskip=\dimen106
\IEEEnormaljot=\dimen107
LaTeX Font Info:    Font shape `OT1/ptm/bx/n' in size <5> not available
(Font)              Font shape `OT1/ptm/b/n' tried instead on input line 726.
LaTeX Font Info:    Font shape `OT1/ptm/bx/it' in size <5> not available
(Font)              Font shape `OT1/ptm/b/it' tried instead on input line 726.
LaTeX Font Info:    Font shape `OT1/ptm/bx/n' in size <7> not available
(Font)              Font shape `OT1/ptm/b/n' tried instead on input line 726.
LaTeX Font Info:    Font shape `OT1/ptm/bx/it' in size <7> not available
(Font)              Font shape `OT1/ptm/b/it' tried instead on input line 726.
LaTeX Font Info:    Font shape `OT1/ptm/bx/n' in size <8> not available
(Font)              Font shape `OT1/ptm/b/n' tried instead on input line 726.
LaTeX Font Info:    Font shape `OT1/ptm/bx/it' in size <8> not available
(Font)              Font shape `OT1/ptm/b/it' tried instead on input line 726.
LaTeX Font Info:    Font shape `OT1/ptm/bx/n' in size <9> not available
(Font)              Font shape `OT1/ptm/b/n' tried instead on input line 726.
LaTeX Font Info:    Font shape `OT1/ptm/bx/it' in size <9> not available
(Font)              Font shape `OT1/ptm/b/it' tried instead on input line 726.
LaTeX Font Info:    Font shape `OT1/ptm/bx/n' in size <10> not available
(Font)              Font shape `OT1/ptm/b/n' tried instead on input line 726.
LaTeX Font Info:    Font shape `OT1/ptm/bx/it' in size <10> not available
(Font)              Font shape `OT1/ptm/b/it' tried instead on input line 726.
LaTeX Font Info:    Font shape `OT1/ptm/bx/n' in size <11> not available
(Font)              Font shape `OT1/ptm/b/n' tried instead on input line 726.
LaTeX Font Info:    Font shape `OT1/ptm/bx/it' in size <11> not available
(Font)              Font shape `OT1/ptm/b/it' tried instead on input line 726.
LaTeX Font Info:    Font shape `OT1/ptm/bx/n' in size <12> not available
(Font)              Font shape `OT1/ptm/b/n' tried instead on input line 726.
LaTeX Font Info:    Font shape `OT1/ptm/bx/it' in size <12> not available
(Font)              Font shape `OT1/ptm/b/it' tried instead on input line 726.
LaTeX Font Info:    Font shape `OT1/ptm/bx/n' in size <17> not available
(Font)              Font shape `OT1/ptm/b/n' tried instead on input line 726.
LaTeX Font Info:    Font shape `OT1/ptm/bx/it' in size <17> not available
(Font)              Font shape `OT1/ptm/b/it' tried instead on input line 726.
LaTeX Font Info:    Font shape `OT1/ptm/bx/n' in size <20> not available
(Font)              Font shape `OT1/ptm/b/n' tried instead on input line 726.
LaTeX Font Info:    Font shape `OT1/ptm/bx/it' in size <20> not available
(Font)              Font shape `OT1/ptm/b/it' tried instead on input line 726.
LaTeX Font Info:    Font shape `OT1/ptm/bx/n' in size <24> not available
(Font)              Font shape `OT1/ptm/b/n' tried instead on input line 726.
LaTeX Font Info:    Font shape `OT1/ptm/bx/it' in size <24> not available
(Font)              Font shape `OT1/ptm/b/it' tried instead on input line 726.
\IEEEilabelindentA=\dimen108
\IEEEilabelindentB=\dimen109
\IEEEilabelindent=\dimen110
\IEEEelabelindent=\dimen111
\IEEEdlabelindent=\dimen112
\IEEElabelindent=\dimen113
\IEEEiednormlabelsep=\dimen114
\IEEEiedmathlabelsep=\dimen115
\IEEEiedtopsep=\skip41
\c@section=\count81
\c@subsection=\count82
\c@subsubsection=\count83
\c@paragraph=\count84
\c@IEEEsubequation=\count85
\abovecaptionskip=\skip42
\belowcaptionskip=\skip43
\c@figure=\count86
\c@table=\count87
\@IEEEeqnnumcols=\count88
\@IEEEeqncolcnt=\count89
\@IEEEsubeqnnumrollback=\count90
\@IEEEtmpitemindent=\dimen116
\c@IEEEbiography=\count91
\@IEEEtranrubishbin=\box26
) ("C:\Program Files\MiKTeX 2.9\tex\latex\hyperref\hyperref.sty"
Package: hyperref 2011/08/19 v6.82h Hypertext links for LaTeX

("C:\Program Files\MiKTeX 2.9\tex\generic\oberdiek\hobsub-hyperref.sty"
Package: hobsub-hyperref 2011/04/23 v1.4 Bundle oberdiek, subset hyperref (HO)

("C:\Program Files\MiKTeX 2.9\tex\generic\oberdiek\hobsub-generic.sty"
Package: hobsub-generic 2011/04/23 v1.4 Bundle oberdiek, subset generic (HO)
Package: hobsub 2011/04/23 v1.4 Subsetting bundle oberdiek (HO)
Package: infwarerr 2010/04/08 v1.3 Providing info/warning/message (HO)
Package: ltxcmds 2011/04/18 v1.20 LaTeX kernel commands for general use (HO)
Package: ifluatex 2010/03/01 v1.3 Provides the ifluatex switch (HO)
Package ifluatex Info: LuaTeX not detected.
Package: ifvtex 2010/03/01 v1.5 Switches for detecting VTeX and its modes (HO)
Package ifvtex Info: VTeX not detected.
Package: intcalc 2007/09/27 v1.1 Expandable integer calculations (HO)
Package: ifpdf 2011/01/30 v2.3 Provides the ifpdf switch (HO)
Package ifpdf Info: pdfTeX in PDF mode is detected.
Package: etexcmds 2011/02/16 v1.5 Prefix for e-TeX command names (HO)
Package etexcmds Info: Could not find \expanded.
(etexcmds)             That can mean that you are not using pdfTeX 1.50 or
(etexcmds)             that some package has redefined \expanded.
(etexcmds)             In the latter case, load this package earlier.
Package: kvsetkeys 2011/04/07 v1.13 Key value parser (HO)
Package: kvdefinekeys 2011/04/07 v1.3 Defining keys (HO)
Package: pdftexcmds 2011/04/22 v0.16 Utilities of pdfTeX for LuaTeX (HO)
Package pdftexcmds Info: LuaTeX not detected.
Package pdftexcmds Info: \pdf@primitive is available.
Package pdftexcmds Info: \pdf@ifprimitive is available.
Package pdftexcmds Info: \pdfdraftmode found.
Package: pdfescape 2011/04/04 v1.12 Provides string conversions (HO)
Package: bigintcalc 2011/01/30 v1.2 Expandable big integer calculations (HO)
Package: bitset 2011/01/30 v1.1 Data type bit set (HO)
Package: uniquecounter 2011/01/30 v1.2 Provides unlimited unique counter (HO)
)
Package hobsub Info: Skipping package `hobsub' (already loaded).
Package: letltxmacro 2010/09/02 v1.4 Let assignment for LaTeX macros (HO)
Package: hopatch 2011/01/30 v1.0 Wrapper for package hooks (HO)
Package: xcolor-patch 2011/01/30 xcolor patch
Package: atveryend 2011/04/23 v1.7 Hooks at very end of document (HO)
Package: atbegshi 2011/01/30 v1.15 At begin shipout hook (HO)
Package: refcount 2010/12/01 v3.2 Data extraction from references (HO)
Package: hycolor 2011/01/30 v1.7 Color options of hyperref/bookmark (HO)
)
("C:\Program Files\MiKTeX 2.9\tex\latex\graphics\keyval.sty"
Package: keyval 1999/03/16 v1.13 key=value parser (DPC)
\KV@toks@=\toks15
)
("C:\Program Files\MiKTeX 2.9\tex\generic\ifxetex\ifxetex.sty"
Package: ifxetex 2010/09/12 v0.6 Provides ifxetex conditional
)
("C:\Program Files\MiKTeX 2.9\tex\latex\oberdiek\kvoptions.sty"
Package: kvoptions 2010/12/23 v3.10 Keyval support for LaTeX options (HO)
)
\@linkdim=\dimen117
\Hy@linkcounter=\count92
\Hy@pagecounter=\count93

("C:\Program Files\MiKTeX 2.9\tex\latex\hyperref\pd1enc.def"
File: pd1enc.def 2011/08/19 v6.82h Hyperref: PDFDocEncoding definition (HO)
)
\Hy@SavedSpaceFactor=\count94

("C:\Program Files\MiKTeX 2.9\tex\latex\00miktex\hyperref.cfg"
File: hyperref.cfg 2002/06/06 v1.2 hyperref configuration of TeXLive
)
Package hyperref Info: Hyper figures OFF on input line 4053.
Package hyperref Info: Link nesting OFF on input line 4058.
Package hyperref Info: Hyper index ON on input line 4061.
Package hyperref Info: Plain pages OFF on input line 4068.
Package hyperref Info: Backreferencing OFF on input line 4073.
Package hyperref Info: Implicit mode ON; LaTeX internals redefined.
Package hyperref Info: Bookmarks ON on input line 4291.
\c@Hy@tempcnt=\count95

("C:\Program Files\MiKTeX 2.9\tex\latex\ltxmisc\url.sty"
\Urlmuskip=\muskip10
Package: url 2006/04/12  ver 3.3  Verb mode for urls, etc.
)
LaTeX Info: Redefining \url on input line 4644.
\Fld@menulength=\count96
\Field@Width=\dimen118
\Fld@charsize=\dimen119
Package hyperref Info: Hyper figures OFF on input line 5730.
Package hyperref Info: Link nesting OFF on input line 5735.
Package hyperref Info: Hyper index ON on input line 5738.
Package hyperref Info: backreferencing OFF on input line 5745.
Package hyperref Info: Link coloring OFF on input line 5750.
Package hyperref Info: Link coloring with OCG OFF on input line 5755.
Package hyperref Info: PDF/A mode OFF on input line 5760.
LaTeX Info: Redefining \ref on input line 5800.
LaTeX Info: Redefining \pageref on input line 5804.
\Hy@abspage=\count97
\c@Item=\count98
\c@Hfootnote=\count99
)

Package hyperref Message: Driver (autodetected): hpdftex.

("C:\Program Files\MiKTeX 2.9\tex\latex\hyperref\hpdftex.def"
File: hpdftex.def 2011/08/19 v6.82h Hyperref driver for pdfTeX
\Fld@listcount=\count100
\c@bookmark@seq@number=\count101

("C:\Program Files\MiKTeX 2.9\tex\latex\oberdiek\rerunfilecheck.sty"
Package: rerunfilecheck 2011/04/15 v1.7 Rerun checks for auxiliary files (HO)
Package uniquecounter Info: New unique counter `rerunfilecheck' on input line 2
82.
)
\Hy@SectionHShift=\skip44
)

LaTeX Warning: Unused global option(s):
    [article].

("D:\Eigene Dateien\Seminar 2014\seminar_ss_14\Latex\Gliederung\Paper.aux")
LaTeX Font Info:    Checking defaults for OML/cmm/m/it on input line 7.
LaTeX Font Info:    ... okay on input line 7.
LaTeX Font Info:    Checking defaults for T1/cmr/m/n on input line 7.
LaTeX Font Info:    ... okay on input line 7.
LaTeX Font Info:    Checking defaults for OT1/cmr/m/n on input line 7.
LaTeX Font Info:    ... okay on input line 7.
LaTeX Font Info:    Checking defaults for OMS/cmsy/m/n on input line 7.
LaTeX Font Info:    ... okay on input line 7.
LaTeX Font Info:    Checking defaults for OMX/cmex/m/n on input line 7.
LaTeX Font Info:    ... okay on input line 7.
LaTeX Font Info:    Checking defaults for U/cmr/m/n on input line 7.
LaTeX Font Info:    ... okay on input line 7.
LaTeX Font Info:    Checking defaults for PD1/pdf/m/n on input line 7.
LaTeX Font Info:    ... okay on input line 7.
\AtBeginShipoutBox=\box27
Package hyperref Info: Link coloring OFF on input line 7.

("C:\Program Files\MiKTeX 2.9\tex\latex\hyperref\nameref.sty"
Package: nameref 2010/04/30 v2.40 Cross-referencing by name of section

("C:\Program Files\MiKTeX 2.9\tex\generic\oberdiek\gettitlestring.sty"
Package: gettitlestring 2010/12/03 v1.4 Cleanup title references (HO)
)
\c@section@level=\count102
)
LaTeX Info: Redefining \ref on input line 7.
LaTeX Info: Redefining \pageref on input line 7.
LaTeX Info: Redefining \nameref on input line 7.

("D:\Eigene Dateien\Seminar 2014\seminar_ss_14\Latex\Gliederung\Paper.out")
("D:\Eigene Dateien\Seminar 2014\seminar_ss_14\Latex\Gliederung\Paper.out")
\@outlinefile=\write3
LaTeX Font Info:    External font `cmex10' loaded for size
(Font)              <7> on input line 14.
LaTeX Font Info:    External font `cmex10' loaded for size
(Font)              <5> on input line 14.

Underfull \hbox (badness 1867) in paragraph at lines 18--19
[]\OT1/ptm/m/n/10 Congestion con-trol in com-puter net-works: is-sues and
 []


Underfull \hbox (badness 3354) in paragraph at lines 20--21
[]\OT1/ptm/m/n/10 Congestion con-trol and traf-fic man-age-ment in ATM
 []


Underfull \hbox (badness 5787) in paragraph at lines 20--21
\OT1/ptm/m/n/10 net-works: Re-cent ad-vances and a sur-vey []$http : / / www .$

 []


Underfull \hbox (badness 3148) in paragraph at lines 24--25
[]\OT1/ptm/m/n/10 Design con-sid-er-a-tions for sup-port-ing TCP with per-
 []


Underfull \hbox (badness 10000) in paragraph at lines 24--25
\OT1/ptm/m/n/10 flow queue-ing []$http : / / ieeexplore . ieee . org / xpl / lo
gin . jsp ? tp =$
 []


Underfull \hbox (badness 10000) in paragraph at lines 24--25
$\OT1/ptm/m/n/10 &arnumber = 659666&url = http % 3A % 2F % 2Fieeexplore . ieee 
.$
 []


Underfull \hbox (badness 10000) in paragraph at lines 26--27
$\OT1/ptm/m/n/10 citation . cfm ? id = 205512&CFID = 330551302&CFTOKEN =$
 []


Underfull \hbox (badness 10000) in paragraph at lines 30--31
[]$\OT1/ptm/m/n/10 http : / / www . researchgate . net / publication / 2621818[
]Ecient[]$
 []


Underfull \hbox (badness 7522) in paragraph at lines 34--35
[]\OT1/ptm/m/n/10 Sizing router buffers []$http : / / dl . acm . org / citation
 . cfm ? id =$
 []


Underfull \hbox (badness 10000) in paragraph at lines 44--45
\OT1/ptm/m/n/10 scheme for ap-prox-i-mat-ing fair band-width al-lo-ca-tion
 []


Underfull \hbox (badness 10000) in paragraph at lines 44--45
[]$\OT1/ptm/m/n/10 http : / / ieeexplore . ieee . org / xpl / login . jsp ? tp 
= &arnumber =$
 []


Underfull \hbox (badness 10000) in paragraph at lines 44--45
$\OT1/ptm/m/n/10 832269&url = http % 3A % 2F % 2Fieeexplore . ieee . or0 % 2Fxp
ls %$
 []


Underfull \hbox (badness 10000) in paragraph at lines 46--47
 \OT1/ptm/m/it/10 2) ECN: [][][] \OT1/ptm/m/n/10 ECN-Explicit Con-ges-tion No-t
i-fi-ca-tion
 []

Missing character: There is no ä in font ptmr7t!
Missing character: There is no ü in font ptmr7t!

Underfull \hbox (badness 10000) in paragraph at lines 48--50
\OT1/ptm/m/n/10 avoid-ance []$http : / / ieeexplore . ieee . org / xpl / articl
eDetails . jsp ?$
 []


Underfull \hbox (badness 10000) in paragraph at lines 48--50
$\OT1/ptm/m/n/10 arnumber = 251892&navigation = 1$[] RED + Vorschlge fr
 []


Underfull \hbox (badness 10000) in paragraph at lines 48--50
$\OT1/ptm/m/n/10 &arnumber = 832541&url = http % 3A % 2F % 2Fieeexplore . ieee 
.$
 []

Missing character: There is no ä in font ptmr7t!
Missing character: There is no ü in font ptmr7t!

Underfull \hbox (badness 10000) in paragraph at lines 51--52
[]\OT1/ptm/m/n/10 RED + Vorschlge fr Ar-chitek-tur etc. A study
 []


Underfull \hbox (badness 10000) in paragraph at lines 51--52
\OT1/ptm/m/n/10 of ac-tive queue man-age-ment for con-ges-tion con-trol
 []


Underfull \hbox (badness 10000) in paragraph at lines 51--52
[]$\OT1/ptm/m/n/10 http : / / ieeexplore . ieee . org / xpl / login . jsp ? tp 
= &arnumber =$
 []


Underfull \hbox (badness 10000) in paragraph at lines 51--52
$\OT1/ptm/m/n/10 832541&url = http % 3A % 2F % 2Fieeexplore . ieee . org % 2Fxp
ls %$
 []


Underfull \hbox (badness 10000) in paragraph at lines 57--58
 \OT1/ptm/m/it/10 1) PI Con-troller: [][][] \OT1/ptm/m/n/10 PI On de-sign-ing i
m-proved
 []


Underfull \hbox (badness 10000) in paragraph at lines 57--58
\OT1/ptm/m/n/10 con-trollers for AQM routers sup-port-ing TCP flows
 []


Underfull \hbox (badness 10000) in paragraph at lines 57--58
[]$\OT1/ptm/m/n/10 http : / / ieeexplore . ieee . org / xpl / login . jsp ? tp 
= &arnumber =$
 []


Underfull \hbox (badness 10000) in paragraph at lines 57--58
$\OT1/ptm/m/n/10 916670&url = http % 3A % 2F % 2Fieeexplore . ieee . org % 2Fxp
ls %$
 []

Package atveryend Info: Empty hook `BeforeClearDocument' on input line 69.
[1{C:/ProgramData/MiKTeX/2.9/pdftex/config/pdftex.map}


]
Package atveryend Info: Empty hook `AfterLastShipout' on input line 69.

("D:\Eigene Dateien\Seminar 2014\seminar_ss_14\Latex\Gliederung\Paper.aux")
Package atveryend Info: Executing hook `AtVeryEndDocument' on input line 69.
Package atveryend Info: Executing hook `AtEndAfterFileList' on input line 69.


Package rerunfilecheck Warning: File `Paper.out' has changed.
(rerunfilecheck)                Rerun to get outlines right
(rerunfilecheck)                or use package `bookmark'.

Package rerunfilecheck Info: Checksums for `Paper.out':
(rerunfilecheck)             Before: 327A4A5B8DB5E806B773CBE3812A7D82;945
(rerunfilecheck)             After:  5F5A28CFF6D96805A370C972CE07067B;897.
 ) 
Here is how much of TeX's memory you used:
 4804 strings out of 494045
 75946 string characters out of 3148390
 163581 words of memory out of 3000000
 8105 multiletter control sequences out of 15000+200000
 31882 words of font info for 61 fonts, out of 3000000 for 9000
 715 hyphenation exceptions out of 8191
 29i,5n,28p,293b,305s stack positions out of 5000i,500n,10000p,200000b,50000s
pdfTeX warning (dest): name{section*.1} has been referenced but does not exis
t, replaced by a fixed one

{C:/Program Files/MiKTeX 2.9/fonts/enc/dvips/fontname/8r.enc}<C:/Program Files/
MiKTeX 2.9/fonts/type1/urw/times/utmr8a.pfb><C:/Program Files/MiKTeX 2.9/fonts/
type1/urw/times/utmri8a.pfb>
Output written on Paper.pdf (1 page, 54966 bytes).
PDF statistics:
 124 PDF objects out of 1000 (max. 8388607)
 16 named destinations out of 1000 (max. 500000)
 113 words of extra memory for PDF output out of 10000 (max. 10000000)

